2025-07-23 21:18:12,676 - ERROR - Error: unsupported format string passed to NoneType.__format__
2025-07-23 21:18:20,599 - ERROR - Error: unsupported format string passed to NoneType.__format__
2025-07-23 21:23:19,179 - INFO -  Starting RedHawk Simulation...
2025-07-23 21:23:19,182 - INFO -  Cap limit reached!
2025-07-23 21:23:19,182 - ERROR - Error: unsupported format string passed to NoneType.__format__
2025-07-23 21:23:28,467 - INFO -  Starting RedHawk Simulation...
2025-07-23 21:23:28,468 - INFO -  Cap limit reached!
2025-07-23 21:23:28,469 - ERROR - Error: unsupported format string passed to NoneType.__format__
2025-07-23 21:26:35,596 - INFO -  Starting RedHawk Simulation...
2025-07-23 21:26:35,597 - INFO -  Cap limit reached!
2025-07-23 21:26:35,600 - ERROR - Error: 'mode'
2025-07-23 21:26:42,915 - INFO -  Starting RedHawk Simulation...
2025-07-23 21:26:42,916 - INFO -  Cap limit reached!
2025-07-23 21:26:42,916 - ERROR - Error: 'mode'
2025-07-23 21:30:45,717 - INFO -  Starting RedHawk Simulation...
2025-07-23 21:30:45,717 - INFO -  Cap limit reached!
2025-07-23 22:23:36,097 - INFO -  Starting RedHawk Simulation...
2025-07-23 22:23:36,097 - INFO -  Starting RedHawk Simulation...
2025-07-23 22:23:36,107 - INFO -  Cap limit reached!
2025-07-23 22:23:36,107 - INFO -  Cap limit reached!
2025-07-23 22:23:57,805 - INFO -  Starting RedHawk Simulation...
2025-07-23 22:23:57,805 - INFO -  Starting RedHawk Simulation...
2025-07-23 22:23:57,805 - INFO -  Starting RedHawk Simulation...
2025-07-23 22:23:57,805 - INFO -  Starting RedHawk Simulation...
2025-07-23 22:23:57,805 - INFO -  Starting RedHawk Simulation...
2025-07-23 22:23:57,805 - INFO -  Starting RedHawk Simulation...
2025-07-23 22:23:57,805 - INFO -  Starting RedHawk Simulation...
2025-07-23 22:23:57,805 - INFO -  Starting RedHawk Simulation...
2025-07-23 22:23:57,805 - INFO -  Starting RedHawk Simulation...
2025-07-23 22:23:57,805 - INFO -  Starting RedHawk Simulation...
2025-07-23 22:23:57,812 - INFO -  Cap limit reached!
2025-07-23 22:23:57,812 - INFO -  Cap limit reached!
2025-07-23 22:23:57,812 - INFO -  Cap limit reached!
2025-07-23 22:23:57,812 - INFO -  Cap limit reached!
2025-07-23 22:23:57,812 - INFO -  Cap limit reached!
2025-07-23 22:23:57,812 - INFO -  Cap limit reached!
2025-07-23 22:23:57,812 - INFO -  Cap limit reached!
2025-07-23 22:23:57,812 - INFO -  Cap limit reached!
2025-07-23 22:23:57,812 - INFO -  Cap limit reached!
2025-07-23 22:23:57,812 - INFO -  Cap limit reached!
2025-07-23 22:24:38,517 - INFO -  Starting RedHawk Simulation...
2025-07-23 22:24:38,517 - INFO -  Starting RedHawk Simulation...
2025-07-23 22:24:38,517 - INFO -  Starting RedHawk Simulation...
2025-07-23 22:24:38,517 - INFO -  Starting RedHawk Simulation...
2025-07-23 22:24:38,517 - INFO -  Starting RedHawk Simulation...
2025-07-23 22:24:38,517 - INFO -  Starting RedHawk Simulation...
2025-07-23 22:24:38,517 - INFO -  Starting RedHawk Simulation...
2025-07-23 22:24:38,517 - INFO -  Starting RedHawk Simulation...
2025-07-23 22:24:38,517 - INFO -  Starting RedHawk Simulation...
2025-07-23 22:24:38,517 - INFO -  Starting RedHawk Simulation...
2025-07-23 22:24:38,517 - INFO -  Starting RedHawk Simulation...
2025-07-23 22:24:38,517 - INFO -  Starting RedHawk Simulation...
2025-07-23 22:24:38,523 - INFO -  Cap limit reached!
2025-07-23 22:24:38,523 - INFO -  Cap limit reached!
2025-07-23 22:24:38,523 - INFO -  Cap limit reached!
2025-07-23 22:24:38,523 - INFO -  Cap limit reached!
2025-07-23 22:24:38,523 - INFO -  Cap limit reached!
2025-07-23 22:24:38,523 - INFO -  Cap limit reached!
2025-07-23 22:24:38,523 - INFO -  Cap limit reached!
2025-07-23 22:24:38,523 - INFO -  Cap limit reached!
2025-07-23 22:24:38,523 - INFO -  Cap limit reached!
2025-07-23 22:24:38,523 - INFO -  Cap limit reached!
2025-07-23 22:24:38,523 - INFO -  Cap limit reached!
2025-07-23 22:24:38,523 - INFO -  Cap limit reached!
2025-07-23 22:33:01,547 - INFO - Starting RedHawk Simulation...
2025-07-23 22:33:01,549 - ERROR - Error: 'days'
2025-07-23 22:33:06,834 - INFO - Starting RedHawk Simulation...
2025-07-23 22:33:06,835 - ERROR - Error: 'days'
2025-07-23 22:35:00,465 - INFO - Starting RedHawk Simulation...
2025-07-23 22:35:08,821 - INFO - Starting RedHawk Simulation...
2025-07-23 22:43:56,811 - INFO - Starting RedHawk Simulation...
2025-07-23 22:43:56,811 - INFO - Starting RedHawk Simulation...
2025-07-23 22:45:00,844 - INFO - Starting RedHawk Simulation...
2025-07-23 22:45:00,844 - INFO - Starting RedHawk Simulation...
2025-07-23 22:45:00,844 - INFO - Starting RedHawk Simulation...
